0 info it worked if it ends with ok
1 verbose cli [ '/home/ubuntu/.nvm/v0.10.33/bin/node',
1 verbose cli   '/home/ubuntu/.nvm/v0.10.33/bin/npm',
1 verbose cli   'install',
1 verbose cli   'node-apac' ]
2 info using npm@1.4.28
3 info using node@v0.10.33
4 warn package.json chat-example@0.0.0 No repository field.
5 warn package.json trim@0.0.1 No repository field.
6 verbose readDependencies using package.json deps
7 verbose cache add [ 'node-apac', null ]
8 verbose cache add name=undefined spec="node-apac" args=["node-apac",null]
9 verbose parsed url { protocol: null,
9 verbose parsed url   slashes: null,
9 verbose parsed url   auth: null,
9 verbose parsed url   host: null,
9 verbose parsed url   port: null,
9 verbose parsed url   hostname: null,
9 verbose parsed url   hash: null,
9 verbose parsed url   search: null,
9 verbose parsed url   query: null,
9 verbose parsed url   pathname: 'node-apac',
9 verbose parsed url   path: 'node-apac',
9 verbose parsed url   href: 'node-apac' }
10 silly lockFile 0a974702-node-apac node-apac
11 verbose lock node-apac /home/ubuntu/.npm/0a974702-node-apac.lock
12 silly lockFile 0a974702-node-apac node-apac
13 silly lockFile 0a974702-node-apac node-apac
14 verbose addNamed [ 'node-apac', '' ]
15 verbose addNamed [ null, '*' ]
16 silly lockFile 57d511b3-node-apac node-apac@
17 verbose lock node-apac@ /home/ubuntu/.npm/57d511b3-node-apac.lock
18 silly addNameRange { name: 'node-apac', range: '*', hasData: false }
19 verbose request where is /node-apac
20 verbose request registry https://registry.npmjs.org/
21 verbose request id 4eebadd1d8141f75
22 verbose url raw /node-apac
23 verbose url resolving [ 'https://registry.npmjs.org/', './node-apac' ]
24 verbose url resolved https://registry.npmjs.org/node-apac
25 verbose request where is https://registry.npmjs.org/node-apac
26 info trying registry request attempt 1 at 22:15:07
27 http GET https://registry.npmjs.org/node-apac
28 http 404 https://registry.npmjs.org/node-apac
29 verbose headers { date: 'Sat, 27 Dec 2014 22:15:07 GMT',
29 verbose headers   server: 'CouchDB/1.5.0 (Erlang OTP/R16B03)',
29 verbose headers   'content-type': 'application/json',
29 verbose headers   'cache-control': 'max-age=0',
29 verbose headers   'content-length': '52',
29 verbose headers   'accept-ranges': 'bytes',
29 verbose headers   via: '1.1 varnish',
29 verbose headers   age: '0',
29 verbose headers   'x-served-by': 'cache-lcy1121-LCY',
29 verbose headers   'x-cache': 'MISS',
29 verbose headers   'x-cache-hits': '0',
29 verbose headers   'x-timer': 'S1419718507.202570,VS0,VE620',
29 verbose headers   'keep-alive': 'timeout=10, max=50',
29 verbose headers   connection: 'Keep-Alive' }
30 silly registry.get cb [ 404,
30 silly registry.get   { date: 'Sat, 27 Dec 2014 22:15:07 GMT',
30 silly registry.get     server: 'CouchDB/1.5.0 (Erlang OTP/R16B03)',
30 silly registry.get     'content-type': 'application/json',
30 silly registry.get     'cache-control': 'max-age=0',
30 silly registry.get     'content-length': '52',
30 silly registry.get     'accept-ranges': 'bytes',
30 silly registry.get     via: '1.1 varnish',
30 silly registry.get     age: '0',
30 silly registry.get     'x-served-by': 'cache-lcy1121-LCY',
30 silly registry.get     'x-cache': 'MISS',
30 silly registry.get     'x-cache-hits': '0',
30 silly registry.get     'x-timer': 'S1419718507.202570,VS0,VE620',
30 silly registry.get     'keep-alive': 'timeout=10, max=50',
30 silly registry.get     connection: 'Keep-Alive' } ]
31 silly lockFile 57d511b3-node-apac node-apac@
32 silly lockFile 57d511b3-node-apac node-apac@
33 error 404 404 Not Found: node-apac
33 error 404
33 error 404 'node-apac' is not in the npm registry.
33 error 404 You should bug the author to publish it
33 error 404 It was specified as a dependency of 'chat-example'
33 error 404
33 error 404 Maybe try 'npm search apac'
33 error 404
33 error 404 Note that you can also install from a
33 error 404 tarball, folder, or http url, or git url.
34 error System Linux 3.14.13-c9
35 error command "/home/ubuntu/.nvm/v0.10.33/bin/node" "/home/ubuntu/.nvm/v0.10.33/bin/npm" "install" "node-apac"
36 error cwd /home/ubuntu/workspace
37 error node -v v0.10.33
38 error npm -v 1.4.28
39 error code E404
40 verbose exit [ 1, true ]
